<?xml version="1.0" encoding="UTF-8"?>
<!-- Generated by org.testng.reporters.JUnitReportReporter -->
<testsuite skipped="0" hostname="Nitins-MacBook-Pro.local" name="MAWM_Validations.iLPNcaptureGroceryRecv_MAWM" tests="1" failures="0" timestamp="2021-05-02T09:47:12 EDT" time="265.352" errors="0">
  <testcase name="POValidationMAWM" time="265.352" classname="MAWM_Validations.iLPNcaptureGroceryRecv_MAWM"/>
</testsuite> <!-- MAWM_Validations.iLPNcaptureGroceryRecv_MAWM -->
