<?xml version="1.0" encoding="UTF-8"?>
<!-- Generated by org.testng.reporters.JUnitReportReporter -->
<testsuite skipped="0" hostname="Nitins-MacBook-Pro.local" name="Backhaul_Appointment.TLM_Backhaul" tests="5" failures="0" timestamp="2021-04-03T14:14:02 EDT" time="487.800" errors="0">
  <testcase name="testBackhaulTestCase1" time="135.828" classname="Backhaul_Appointment.TLM_Backhaul"/>
  <testcase name="testBackhaulTestCase2" time="78.855" classname="Backhaul_Appointment.TLM_Backhaul"/>
  <testcase name="testBackhaulTestCase3" time="89.722" classname="Backhaul_Appointment.TLM_Backhaul"/>
  <testcase name="testBackhaulTestCase4" time="86.546" classname="Backhaul_Appointment.TLM_Backhaul"/>
  <testcase name="testBackhaulTestCase5" time="96.849" classname="Backhaul_Appointment.TLM_Backhaul"/>
</testsuite> <!-- Backhaul_Appointment.TLM_Backhaul -->
