<?xml version="1.0" encoding="UTF-8"?>
<!-- Generated by org.testng.reporters.JUnitReportReporter -->
<testsuite skipped="0" hostname="Nitins-MacBook-Pro.local" name="MAWM_Validations.iLPNcaptureGroRecv_MAWM" tests="1" failures="0" timestamp="2021-05-03T18:31:00 EDT" time="221.546" errors="0">
  <testcase name="POValidationMAWM" time="221.546" classname="MAWM_Validations.iLPNcaptureGroRecv_MAWM"/>
</testsuite> <!-- MAWM_Validations.iLPNcaptureGroRecv_MAWM -->
