<?xml version="1.0" encoding="UTF-8"?>
<!-- Generated by org.testng.reporters.JUnitReportReporter -->
<testsuite skipped="0" hostname="Nitins-MacBook-Pro.local" name="MAWM_Validations.iLPNcaptureOverGroRecv_MAWM" tests="1" failures="0" timestamp="2021-05-03T19:41:39 EDT" time="198.359" errors="0">
  <testcase name="POValidationMAWM" time="198.359" classname="MAWM_Validations.iLPNcaptureOverGroRecv_MAWM"/>
</testsuite> <!-- MAWM_Validations.iLPNcaptureOverGroRecv_MAWM -->
