<?xml version="1.0" encoding="UTF-8"?>
<!-- Generated by org.testng.reporters.JUnitReportReporter -->
<testsuite skipped="0" hostname="Nitins-MacBook-Pro.local" name="MAWM_Validations.iLPNcreation_MAWM" tests="1" failures="0" timestamp="2021-05-03T19:41:39 EDT" time="113.345" errors="0">
  <testcase name="POValidationMAWM" time="113.345" classname="MAWM_Validations.iLPNcreation_MAWM"/>
</testsuite> <!-- MAWM_Validations.iLPNcreation_MAWM -->
