<?xml version="1.0" encoding="UTF-8"?>
<!-- Generated by org.testng.reporters.JUnitReportReporter -->
<testsuite skipped="0" hostname="Nitins-MacBook-Pro.local" name="MAWM_Validations.iLPNcaptureinExcel_MAWM" tests="1" failures="0" timestamp="2021-05-19T08:18:19 EDT" time="71.731" errors="0">
  <testcase name="POValidationMAWM" time="71.731" classname="MAWM_Validations.iLPNcaptureinExcel_MAWM"/>
</testsuite> <!-- MAWM_Validations.iLPNcaptureinExcel_MAWM -->
