<?xml version="1.0" encoding="UTF-8"?>
<!-- Generated by org.testng.reporters.JUnitReportReporter -->
<testsuite skipped="0" hostname="Nitins-MacBook-Pro.local" name="MAWM_Validations.ASNCreation_MAWM" tests="1" failures="0" timestamp="2021-06-01T14:42:13 EDT" time="86.894" errors="0">
  <testcase name="POValidationMAWM" time="86.894" classname="MAWM_Validations.ASNCreation_MAWM"/>
</testsuite> <!-- MAWM_Validations.ASNCreation_MAWM -->
