<?xml version="1.0" encoding="UTF-8"?>
<!-- Generated by org.testng.reporters.JUnitReportReporter -->
<testsuite skipped="0" hostname="Nitins-MacBook-Pro.local" name="Backhaul_TLM.PurchaseOrder_MATLM_Validation" tests="1" failures="0" timestamp="2021-04-03T16:20:58 EDT" time="58.132" errors="0">
  <testcase name="testBackhaulTestCase1" time="58.132" classname="Backhaul_TLM.PurchaseOrder_MATLM_Validation"/>
</testsuite> <!-- Backhaul_TLM.PurchaseOrder_MATLM_Validation -->
