<?xml version="1.0" encoding="UTF-8"?>
<!-- Generated by org.testng.reporters.JUnitReportReporter -->
<testsuite skipped="0" hostname="Nitins-MacBook-Pro.local" name="MAWM_Validations.MultiLinePuchaseOrderValidation_MAWM" tests="1" failures="0" timestamp="2021-05-06T15:42:43 EDT" time="83.272" errors="0">
  <testcase name="POValidationMAWM" time="83.272" classname="MAWM_Validations.MultiLinePuchaseOrderValidation_MAWM"/>
</testsuite> <!-- MAWM_Validations.MultiLinePuchaseOrderValidation_MAWM -->
