<?xml version="1.0" encoding="UTF-8"?>
<!-- Generated by org.testng.reporters.JUnitReportReporter -->
<testsuite skipped="0" hostname="Nitins-MacBook-Pro.local" name="Backhaul_Appointment.Trial" tests="1" failures="0" timestamp="2021-04-02T21:30:01 EDT" time="0.404" errors="0">
  <testcase name="setUp" time="0.404" classname="Backhaul_Appointment.Trial"/>
</testsuite> <!-- Backhaul_Appointment.Trial -->
