<?xml version="1.0" encoding="UTF-8"?>
<!-- Generated by org.testng.reporters.JUnitReportReporter -->
<testsuite skipped="0" hostname="Nitins-MacBook-Pro.local" name="MAWM_Validations.iLPNcaptureUnderGroRecv_MAWM" tests="1" failures="0" timestamp="2021-05-03T19:30:21 EDT" time="196.752" errors="0">
  <testcase name="POValidationMAWM" time="196.752" classname="MAWM_Validations.iLPNcaptureUnderGroRecv_MAWM"/>
</testsuite> <!-- MAWM_Validations.iLPNcaptureUnderGroRecv_MAWM -->
