<?xml version="1.0" encoding="UTF-8"?>
<!-- Generated by org.testng.reporters.JUnitReportReporter -->
<testsuite skipped="0" hostname="Nitins-MacBook-Pro.local" name="Appointment_Validations.TLM_Appointment_MAWM_Validation" tests="1" failures="0" timestamp="2021-04-03T15:09:33 EDT" time="197.669" errors="0">
  <testcase name="AppointmentValidationMAWM" time="197.669" classname="Appointment_Validations.TLM_Appointment_MAWM_Validation"/>
</testsuite> <!-- Appointment_Validations.TLM_Appointment_MAWM_Validation -->
