<?xml version="1.0" encoding="UTF-8"?>
<!-- Generated by org.testng.reporters.JUnitReportReporter -->
<testsuite skipped="0" hostname="Nitins-MacBook-Pro.local" name="MAWM_Validations.iLPNcaptureAtGroRecv_trial" tests="1" failures="0" timestamp="2021-05-13T20:54:29 EDT" time="112.606" errors="0">
  <testcase name="POValidationMAWM" time="112.606" classname="MAWM_Validations.iLPNcaptureAtGroRecv_trial"/>
</testsuite> <!-- MAWM_Validations.iLPNcaptureAtGroRecv_trial -->
