<?xml version="1.0" encoding="UTF-8"?>
<!-- Generated by org.testng.reporters.JUnitReportReporter -->
<testsuite skipped="0" hostname="Nitins-MacBook-Pro.local" name="Prepaid_Appointment.TLM_Prepaid" tests="1" failures="0" timestamp="2021-04-01T19:02:05 EDT" time="82.642" errors="0">
  <testcase name="testUntitledTestCase" time="82.642" classname="Prepaid_Appointment.TLM_Prepaid"/>
</testsuite> <!-- Prepaid_Appointment.TLM_Prepaid -->
