<?xml version="1.0" encoding="UTF-8"?>
<!-- Generated by org.testng.reporters.JUnitReportReporter -->
<testsuite skipped="0" hostname="Nitins-MacBook-Pro.local" name="MAWM_Validations.iLPNcapture_MAWM" tests="1" failures="0" timestamp="2021-05-01T17:37:52 EDT" time="210.771" errors="0">
  <testcase name="POValidationMAWM" time="210.771" classname="MAWM_Validations.iLPNcapture_MAWM"/>
</testsuite> <!-- MAWM_Validations.iLPNcapture_MAWM -->
