<?xml version="1.0" encoding="UTF-8"?>
<!-- Generated by org.testng.reporters.JUnitReportReporter -->
<testsuite skipped="0" hostname="Nitins-MacBook-Pro.local" name="MAWM_Validations.PuchaseOrder_MAWM_Validation" tests="1" failures="0" timestamp="2021-04-03T15:47:34 EDT" time="69.610" errors="0">
  <testcase name="POValidationMAWM" time="69.610" classname="MAWM_Validations.PuchaseOrder_MAWM_Validation"/>
</testsuite> <!-- MAWM_Validations.PuchaseOrder_MAWM_Validation -->
